Copyright 1986-2022 Xilinx, Inc. All Rights Reserved. Copyright 2022-2024 Advanced Micro Devices, Inc. All Rights Reserved.
---------------------------------------------------------------------------------------------------------------------------------------------
| Tool Version : Vivado v.2024.2 (win64) Build 5239630 Fri Nov 08 22:35:27 MST 2024
| Date         : Thu Mar  5 15:30:37 2026
| Host         : ws11-04 running 64-bit major release  (build 9200)
| Command      : report_drc -file camera_drc_opted.rpt -pb camera_drc_opted.pb -rpx camera_drc_opted.rpx
| Design       : camera
| Device       : xc7a100tcsg324-1
| Speed File   : -1
| Design State : Synthesized
---------------------------------------------------------------------------------------------------------------------------------------------

Report DRC

Table of Contents
-----------------
1. REPORT SUMMARY
2. REPORT DETAILS

1. REPORT SUMMARY
-----------------
            Netlist: netlist
          Floorplan: design_1
      Design limits: <entire design considered>
           Ruledeck: default
             Max checks: <unlimited>
             Checks found: 5
+-------------+----------+-------------------------------------------------------------+--------+
| Rule        | Severity | Description                                                 | Checks |
+-------------+----------+-------------------------------------------------------------+--------+
| CFGBVS-1    | Warning  | Missing CFGBVS and CONFIG_VOLTAGE Design Properties         | 1      |
| PLCK-12     | Warning  | Clock Placer Checks                                         | 1      |
| PLHOLDVIO-2 | Warning  | Non-Optimal connections which could lead to hold violations | 1      |
| REQP-1709   | Warning  | Clock output buffering                                      | 1      |
| RPBF-3      | Warning  | IO port buffering is incomplete                             | 1      |
+-------------+----------+-------------------------------------------------------------+--------+

2. REPORT DETAILS
-----------------
CFGBVS-1#1 Warning
Missing CFGBVS and CONFIG_VOLTAGE Design Properties  
Neither the CFGBVS nor CONFIG_VOLTAGE voltage property is set in the current_design.  Configuration bank voltage select (CFGBVS) must be set to VCCO or GND, and CONFIG_VOLTAGE must be set to the correct configuration voltage, in order to determine the I/O voltage support for the pins in bank 0.  It is suggested to specify these either using the 'Edit Device Properties' function in the GUI or directly in the XDC file using the following syntax:

 set_property CFGBVS value1 [current_design]
 #where value1 is either VCCO or GND

 set_property CONFIG_VOLTAGE value2 [current_design]
 #where value2 is the voltage provided to configuration bank 0

Refer to the device configuration user guide for more information.
Related violations: <none>

PLCK-12#1 Warning
Clock Placer Checks  
Poor placement for routing between an IO pin and BUFG. 
Resolution: Poor placement of an IO pin and a BUFG has resulted in the router using a non-dedicated path between the two.  There are several things that could trigger this DRC, each of which can cause unpredictable clock insertion delays that result in poor timing.  This DRC could be caused by any of the following: (a) a clock port was placed on a pin that is not a CCIO-pin (b)the BUFG has not been placed in the same half of the device or SLR as the CCIO-pin (c) a single ended clock has been placed on the N-Side of a differential pair CCIO-pin.
 This is normally an ERROR but the CLOCK_DEDICATED_ROUTE constraint is set to FALSE allowing your design to continue. The use of this override is highly discouraged as it may lead to very poor timing results. It is recommended that this error condition be corrected in the design.

	ov7670_pclk_IBUF_inst (IBUF.O) is locked to G4
	ov7670_pclk_IBUF_BUFG_inst (BUFG.I) cannot be placed

Related violations: <none>

PLHOLDVIO-2#1 Warning
Non-Optimal connections which could lead to hold violations  
A LUT camera_video/debounce_video_source/CamWriteEnable_i_1 is driving clock pin of 10 cells. This could lead to large hold time violations. Involved cells are:
camera_video/CamPage_reg[0], camera_video/CamPage_reg[1],
camera_video/CamPage_reg[2], camera_video/CamPage_reg[3],
camera_video/CamPage_reg[4], camera_video/CamPage_reg[5],
camera_video/CamPage_reg[6], camera_video/CamPage_reg[7],
camera_video/CamWriteEnable_reg, camera_video/video_source_previous_reg
Related violations: <none>

REQP-1709#1 Warning
Clock output buffering  
PLLE2_ADV connectivity violation. The signal camera_video/Inst_DDR/u_ddr_mig/u_ddr2_infrastructure/pll_clk3_out on the camera_video/Inst_DDR/u_ddr_mig/u_ddr2_infrastructure/plle2_i/CLKOUT3 pin of camera_video/Inst_DDR/u_ddr_mig/u_ddr2_infrastructure/plle2_i does not drive the same kind of BUFFER load as the other CLKOUT pins. Routing from the different buffer types will not be phase aligned.
Related violations: <none>

RPBF-3#1 Warning
IO port buffering is incomplete  
Device port ov7670_siod expects both input and output buffering but the buffers are incomplete.
Related violations: <none>


